<?xml version="1.0" encoding="UTF-8"?>
<!-- Generated by org.testng.reporters.JUnitXMLReporter -->
<testsuite ignored="0" hostname="DESKTOP-6VJTSHH" failures="0" tests="5" name="Default test" time="53.326" errors="0" timestamp="2024-10-03T13:57:08 IST">
  <testcase classname="jay.Test.LoginTestCases" name="loginFive" time="13.117"/>
  <testcase classname="jay.Test.LoginTestCases" name="loginFour" time="2.174"/>
  <testcase classname="jay.Test.LoginTestCases" name="loginOne" time="1.973"/>
  <testcase classname="jay.Test.LoginTestCases" name="loginThree" time="2.135"/>
  <testcase classname="jay.Test.LoginTestCases" name="loginTwo" time="3.712"/>
</testsuite> <!-- Default test -->
